
-----------------------------------------------------------------
  pg_upgrade run on Sat Feb  9 20:35:08 2019
-----------------------------------------------------------------

check for "/usr/local/Cellar/postgresql@9.6/9.6.5/bin" failed: No such file or directory


-----------------------------------------------------------------
  pg_upgrade run on Sat Feb  9 20:39:48 2019
-----------------------------------------------------------------

check for "/usr/local/Cellar/postgresql@9.6/9.6.5/bin" failed: No such file or directory


-----------------------------------------------------------------
  pg_upgrade run on Sat Feb  9 20:41:01 2019
-----------------------------------------------------------------

check for "/usr/local/Cellar/postgresql@9.6/9.6.5/bin" failed: No such file or directory


-----------------------------------------------------------------
  pg_upgrade run on Sat Feb  9 20:43:45 2019
-----------------------------------------------------------------

check for "/usr/local/Cellar/postgresql@9.6/9.6.5/bin" failed: No such file or directory


-----------------------------------------------------------------
  pg_upgrade run on Sat Feb  9 20:46:46 2019
-----------------------------------------------------------------

check for "/usr/local/Cellar/postgresql/10.0/bin" failed: No such file or directory


-----------------------------------------------------------------
  pg_upgrade run on Sat Feb  9 20:48:01 2019
-----------------------------------------------------------------

There seems to be a postmaster servicing the new cluster.
Please shutdown that postmaster and try again.

-----------------------------------------------------------------
  pg_upgrade run on Sat Feb  9 20:48:35 2019
-----------------------------------------------------------------

Performing Consistency Checks
-----------------------------
Checking cluster versions                                   Old cluster data and binary directories are from different major versions.
